[debug] [2025-12-31T04:11:46.612Z] ----------------------------------------------------------------------
[debug] [2025-12-31T04:11:46.616Z] Command:       C:\Program Files\nodejs\node.exe C:\Users\clarien cahyono\AppData\Roaming\npm\node_modules\firebase-tools\lib\bin\firebase.js init
[debug] [2025-12-31T04:11:46.616Z] CLI Version:   15.1.0
[debug] [2025-12-31T04:11:46.616Z] Platform:      win32
[debug] [2025-12-31T04:11:46.617Z] Node Version:  v21.7.1
[debug] [2025-12-31T04:11:46.617Z] Time:          Wed Dec 31 2025 11:11:46 GMT+0700 (Indochina Time)
[debug] [2025-12-31T04:11:46.617Z] ----------------------------------------------------------------------
[debug] 
[debug] [2025-12-31T04:11:46.620Z] >>> [apiv2][query] GET https://firebase-public.firebaseio.com/cli.json [none]
[info] 
     ######## #### ########  ######## ########     ###     ######  ########
     ##        ##  ##     ## ##       ##     ##  ##   ##  ##       ##
     ######    ##  ########  ######   ########  #########  ######  ######
     ##        ##  ##    ##  ##       ##     ## ##     ##       ## ##
     ##       #### ##     ## ######## ########  ##     ##  ######  ########

You're about to initialize a Firebase project in this directory:

  D:\Stock\stock-kaca

[debug] [2025-12-31T04:11:49.123Z] <<< [apiv2][status] GET https://firebase-public.firebaseio.com/cli.json 200
[debug] [2025-12-31T04:11:49.123Z] <<< [apiv2][body] GET https://firebase-public.firebaseio.com/cli.json {"cloudBuildErrorAfter":1594252800000,"cloudBuildWarnAfter":1590019200000,"defaultNode10After":1594252800000,"minVersion":"3.0.5","node8DeploysDisabledAfter":1613390400000,"node8RuntimeDisabledAfter":1615809600000,"node8WarnAfter":1600128000000}
[debug] [2025-12-31T04:11:56.384Z] ExitPromptError: User force closed the prompt with SIGINT
    at Interface.sigint (C:\Users\clarien cahyono\AppData\Roaming\npm\node_modules\firebase-tools\node_modules\@inquirer\core\dist\commonjs\lib\create-prompt.js:101:37)
    at Interface.emit (node:events:519:28)
    at [_ttyWrite] [as _ttyWrite] (node:internal/readline/interface:1125:18)
    at ReadStream.onkeypress (node:internal/readline/interface:264:20)
    at ReadStream.emit (node:events:531:35)
    at emitKeys (node:internal/readline/utils:371:14)
    at emitKeys.next (<anonymous>)
    at ReadStream.onData (node:internal/readline/emitKeypressEvents:64:36)
    at ReadStream.emit (node:events:519:28)
    at addChunk (node:internal/streams/readable:559:12)
[error] 
[error] Error: An unexpected error has occurred.
[debug] [2025-12-31T04:11:59.809Z] ----------------------------------------------------------------------
[debug] [2025-12-31T04:11:59.812Z] Command:       C:\Program Files\nodejs\node.exe C:\Users\clarien cahyono\AppData\Roaming\npm\node_modules\firebase-tools\lib\bin\firebase.js init
[debug] [2025-12-31T04:11:59.812Z] CLI Version:   15.1.0
[debug] [2025-12-31T04:11:59.813Z] Platform:      win32
[debug] [2025-12-31T04:11:59.813Z] Node Version:  v21.7.1
[debug] [2025-12-31T04:11:59.813Z] Time:          Wed Dec 31 2025 11:11:59 GMT+0700 (Indochina Time)
[debug] [2025-12-31T04:11:59.813Z] ----------------------------------------------------------------------
[debug] 
[info] 
     ######## #### ########  ######## ########     ###     ######  ########
     ##        ##  ##     ## ##       ##     ##  ##   ##  ##       ##
     ######    ##  ########  ######   ########  #########  ######  ######
     ##        ##  ##    ##  ##       ##     ## ##     ##       ## ##
     ##       #### ##     ## ######## ########  ##     ##  ######  ########

You're about to initialize a Firebase project in this directory:

  D:\Stock\stock-kaca

[info] 
=== Project Setup
[info] 
[info] First, let's associate this project directory with a Firebase project.
[info] You can create multiple project aliases by running firebase use --add, 
[info] 
[debug] [2025-12-31T04:12:32.761Z] > command requires scopes: ["email","openid","https://www.googleapis.com/auth/cloudplatformprojects.readonly","https://www.googleapis.com/auth/firebase","https://www.googleapis.com/auth/cloud-platform"]
[debug] [2025-12-31T04:12:32.761Z] > authorizing via signed-in user (alincahyono@gmail.com)
[debug] [2025-12-31T04:12:32.763Z] Checked if tokens are valid: false, expires at: 1738811813782
[debug] [2025-12-31T04:12:32.763Z] Checked if tokens are valid: false, expires at: 1738811813782
[debug] [2025-12-31T04:12:32.764Z] > refreshing access token with scopes: []
[debug] [2025-12-31T04:12:32.766Z] >>> [apiv2][query] POST https://www.googleapis.com/oauth2/v3/token [none]
[debug] [2025-12-31T04:12:32.766Z] >>> [apiv2][body] POST https://www.googleapis.com/oauth2/v3/token [omitted]
[debug] [2025-12-31T04:12:32.967Z] <<< [apiv2][status] POST https://www.googleapis.com/oauth2/v3/token 400
[debug] [2025-12-31T04:12:32.967Z] <<< [apiv2][body] POST https://www.googleapis.com/oauth2/v3/token [omitted]
[debug] [2025-12-31T04:12:32.968Z] >>> [apiv2][query] GET https://firebase.googleapis.com/v1beta1/projects pageSize=100
[debug] [2025-12-31T04:12:33.197Z] <<< [apiv2][status] GET https://firebase.googleapis.com/v1beta1/projects 401
[debug] [2025-12-31T04:12:33.197Z] <<< [apiv2][body] GET https://firebase.googleapis.com/v1beta1/projects [omitted]
[debug] [2025-12-31T04:12:33.197Z] Got a 401 Unauthenticated error for a call that required authentication. Refreshing tokens.
[debug] [2025-12-31T04:12:33.197Z] Checked if tokens are valid: false, expires at: 1738811813782
[debug] [2025-12-31T04:12:33.197Z] Checked if tokens are valid: false, expires at: 1738811813782
[debug] [2025-12-31T04:12:33.197Z] > refreshing access token with scopes: []
[debug] [2025-12-31T04:12:33.198Z] >>> [apiv2][query] POST https://www.googleapis.com/oauth2/v3/token [none]
[debug] [2025-12-31T04:12:33.198Z] >>> [apiv2][body] POST https://www.googleapis.com/oauth2/v3/token [omitted]
[debug] [2025-12-31T04:12:33.262Z] <<< [apiv2][status] POST https://www.googleapis.com/oauth2/v3/token 400
[debug] [2025-12-31T04:12:33.262Z] <<< [apiv2][body] POST https://www.googleapis.com/oauth2/v3/token [omitted]
[debug] [2025-12-31T04:12:33.263Z] Request to https://firebase.googleapis.com/v1beta1/projects?pageSize=100 had HTTP Error: 401, Request had invalid authentication credentials. Expected OAuth 2 access token, login cookie or other valid authentication credential. See https://developers.google.com/identity/sign-in/web/devconsole-project.
[debug] [2025-12-31T04:12:33.426Z] FirebaseError: Request to https://firebase.googleapis.com/v1beta1/projects?pageSize=100 had HTTP Error: 401, Request had invalid authentication credentials. Expected OAuth 2 access token, login cookie or other valid authentication credential. See https://developers.google.com/identity/sign-in/web/devconsole-project.
    at responseToError (C:\Users\clarien cahyono\AppData\Roaming\npm\node_modules\firebase-tools\lib\responseToError.js:53:12)
    at RetryOperation._fn (C:\Users\clarien cahyono\AppData\Roaming\npm\node_modules\firebase-tools\lib\apiv2.js:322:77)
    at process.processTicksAndRejections (node:internal/process/task_queues:95:5)
[error] 
[error] Error: Failed to list Firebase projects. See firebase-debug.log for more info.
